<?xml version="1.0" encoding="UTF-8"?>
<!-- Generated by org.testng.reporters.JUnitReportReporter -->
<testsuite hostname="PSDTP002" failures="0" tests="1" name="com.test.LoginTest" time="0.011" errors="0" timestamp="2024-05-08T11:35:44 IST" skipped="0">
  <testcase classname="com.test.LoginTest" name="add" time="0.011"/>
  <system-out/>
</testsuite> <!-- com.test.LoginTest -->
